1523261801010	geckodriver	INFO	geckodriver 0.20.1
1523261801198	geckodriver	INFO	Listening on 127.0.0.1:49961
1523261804580	mozrunner::runner	INFO	Running command: "C:\\Program Files\\Mozilla Firefox\\firefox.exe" "-marionette" "-profile" "C:\\Users\\pangqian\\AppData\\Local\\Temp\\rust_mozprofile.RNZPeJ7BJM9V"
Unable to read VR Path Registry from C:\Users\pangqian\AppData\Local\openvr\openvrpaths.vrpath
1523261814210	Marionette	INFO	Enabled via --marionette
Unable to read VR Path Registry from C:\Users\pangqian\AppData\Local\openvr\openvrpaths.vrpath
Unable to read VR Path Registry from C:\Users\pangqian\AppData\Local\openvr\openvrpaths.vrpath
[Parent 10020, Gecko_IOThread] WARNING: pipe error: 109: file z:/build/build/src/ipc/chromium/src/chrome/common/ipc_channel_win.cc, line 346
Unable to read VR Path Registry from C:\Users\pangqian\AppData\Local\openvr\openvrpaths.vrpath
1523261834854	Marionette	INFO	Listening on port 49969
1523261835932	Marionette	WARN	TLS certificate errors will be ignored for this session
Unable to read VR Path Registry from C:\Users\pangqian\AppData\Local\openvr\openvrpaths.vrpath
Unable to read VR Path Registry from C:\Users\pangqian\AppData\Local\openvr\openvrpaths.vrpath
JavaScript warning: https://js2.t.sinajs.cn/t6/webim_prime/js/common/all.js?version=82a62c54a02e1f95, line 1: unreachable code after return statement
JavaScript warning: https://js2.t.sinajs.cn/t6/webim_prime/js/common/all.js?version=82a62c54a02e1f95, line 1: unreachable code after return statement
JavaScript warning: https://js.t.sinajs.cn/t6/webim_prime/js/webim.js?v=1523261868958, line 139: unreachable code after return statement
JavaScript warning: https://js.t.sinajs.cn/t6/webim_prime/js/webim.js?v=1523261868958, line 139: unreachable code after return statement
JavaScript warning: https://js.t.sinajs.cn/t6/webim_prime/js/webim.js?v=1523261868958, line 172: unreachable code after return statement
JavaScript warning: https://js.t.sinajs.cn/t6/webim_prime/js/webim.js?v=1523261868958, line 174: unreachable code after return statement
JavaScript warning: https://js.t.sinajs.cn/t6/webim_prime/js/webim.js?v=1523261868958, line 198: unreachable code after return statement
JavaScript warning: https://js.t.sinajs.cn/t6/webim_prime/js/webim.js?v=1523261868958, line 200: unreachable code after return statement
JavaScript warning: https://js.t.sinajs.cn/t6/webim_prime/js/webim.js?v=1523261868958, line 207: unreachable code after return statement
JavaScript warning: https://js.t.sinajs.cn/t6/webim_prime/js/webim.js?v=1523261868958, line 139: unreachable code after return statement
JavaScript warning: https://js.t.sinajs.cn/t6/webim_prime/js/webim.js?v=1523261868958, line 174: unreachable code after return statement
[Parent 10020, Gecko_IOThread] WARNING: pipe error: 109: file z:/build/build/src/ipc/chromium/src/chrome/common/ipc_channel_win.cc, line 346
[Child 8324, Chrome_ChildThread] WARNING: pipe error: 109: file z:/build/build/src/ipc/chromium/src/chrome/common/ipc_channel_win.cc, line 346
[Child 8324, Chrome_ChildThr[Child 4660, Chrome_ChildThread] WARNING: pipe error: 109: file z:/build/build/src/ipc/chromium/src/chrome/common/ipc_channel_win.cc, line 346
[Child 4660, Chro[Parent 10020, Gecko_IOThread] WARNING: pipe error: 109: file z:/build/build/src/ipc/chromium/src/chrome/common/ipc_channel_win.cc, line 346

###!!! [Child][MessageChannel::SendAndWait] Error: Channel error: cannot send/recv

1523261918657	geckodriver	INFO	geckodriver 0.20.1
1523261918673	geckodriver	INFO	Listening on 127.0.0.1:50104
1523261921454	mozrunner::runner	INFO	Running command: "C:\\Program Files\\Mozilla Firefox\\firefox.exe" "-marionette" "-profile" "C:\\Users\\pangqian\\AppData\\Local\\Temp\\rust_mozprofile.LdSp9eFrSU8s"
Unable to read VR Path Registry from C:\Users\pangqian\AppData\Local\openvr\openvrpaths.vrpath
1523261925300	Marionette	INFO	Enabled via --marionette
Unable to read VR Path Registry from C:\Users\pangqian\AppData\Local\openvr\openvrpaths.vrpath
Unable to read VR Path Registry from C:\Users\pangqian\AppData\Local\openvr\openvrpaths.vrpath
Unable to read VR Path Registry from C:\Users\pangqian\AppData\Local\openvr\openvrpaths.vrpath
Unable to read VR Path Registry from C:\Users\pangqian\AppData\Local\openvr\openvrpaths.vrpath
1523261934974	Marionette	INFO	Listening on port 50112
1523261936150	Marionette	WARN	TLS certificate errors will be ignored for this session
JavaScript warning: https://js2.t.sinajs.cn/t6/webim_prime/js/common/all.js?version=82a62c54a02e1f95, line 1: unreachable code after return statement
JavaScript warning: https://js2.t.sinajs.cn/t6/webim_prime/js/common/all.js?version=82a62c54a02e1f95, line 1: unreachable code after return statement
JavaScript warning: https://js.t.sinajs.cn/t6/webim_prime/js/webim.js?v=1523261962278, line 139: unreachable code after return statement
JavaScript warning: https://js.t.sinajs.cn/t6/webim_prime/js/webim.js?v=1523261962278, line 139: unreachable code after return statement
JavaScript warning: https://js.t.sinajs.cn/t6/webim_prime/js/webim.js?v=1523261962278, line 172: unreachable code after return statement
JavaScript warning: https://js.t.sinajs.cn/t6/webim_prime/js/webim.js?v=1523261962278, line 174: unreachable code after return statement
JavaScript warning: https://js.t.sinajs.cn/t6/webim_prime/js/webim.js?v=1523261962278, line 198: unreachable code after return statement
JavaScript warning: https://js.t.sinajs.cn/t6/webim_prime/js/webim.js?v=1523261962278, line 200: unreachable code after return statement
JavaScript warning: https://js.t.sinajs.cn/t6/webim_prime/js/webim.js?v=1523261962278, line 207: unreachable code after return statement
JavaScript warning: https://js.t.sinajs.cn/t6/webim_prime/js/webim.js?v=1523261962278, line 139: unreachable code after return statement
JavaScript warning: https://js.t.sinajs.cn/t6/webim_prime/js/webim.js?v=1523261962278, line 174: unreachable code after return statement
JavaScript warning: https://js2.t.sinajs.cn/t6/webim_prime/js/common/all.js?version=684a834642c68c38, line 1: unreachable code after return statement
JavaScript warning: https://js2.t.sinajs.cn/t6/webim_prime/js/common/all.js?version=684a834642c68c38, line 1: unreachable code after return statement
JavaScript warning: https://js.t.sinajs.cn/t6/webim_prime/js/webim.js?v=1523261974502, line 139: unreachable code after return statement
JavaScript warning: https://js.t.sinajs.cn/t6/webim_prime/js/webim.js?v=1523261974502, line 139: unreachable code after return statement
JavaScript warning: https://js.t.sinajs.cn/t6/webim_prime/js/webim.js?v=1523261974502, line 172: unreachable code after return statement
JavaScript warning: https://js.t.sinajs.cn/t6/webim_prime/js/webim.js?v=1523261974502, line 174: unreachable code after return statement
JavaScript warning: https://js.t.sinajs.cn/t6/webim_prime/js/webim.js?v=1523261974502, line 198: unreachable code after return statement
JavaScript warning: https://js.t.sinajs.cn/t6/webim_prime/js/webim.js?v=1523261974502, line 200: unreachable code after return statement
JavaScript warning: https://js.t.sinajs.cn/t6/webim_prime/js/webim.js?v=1523261974502, line 207: unreachable code after return statement
JavaScript warning: https://js.t.sinajs.cn/t6/webim_prime/js/webim.js?v=1523261974502, line 139: unreachable code after return statement
JavaScript warning: https://js.t.sinajs.cn/t6/webim_prime/js/webim.js?v=1523261974502, line 174: unreachable code after return statement
[Parent 8416, Gecko_IOThread] WARNING: pipe error: 109: file z:/build/build/src/ipc/chromium/src/chrome/common/ipc_channel_win.cc, line 346
[Child 2460, Chrome_ChildThread] WARNING: pipe error: 109: file z:/build/build/src/ipc/chromium/src/chrome/common/ipc_channel_win.cc, line 346
[Child 10096, Chrome_ChildThread] WARNING: pipe error: 109: file z:/build/build/src/ipc/chromium/src/chrome/common/ipc_channel_win.cc, line 346

###!!! [Child][MessageChannel::SendAndWait] Error: Channel error: cannot send/recv

n\AppData\Local\openvr\openvrpaths.vrpath
Unable to read VR Path Registry from C:\Users\pangqian\AppData\Local\openvr\openvrpaths.vrpath
1523262268378	Marionette	INFO	Listening on port 60940
1523262268882	Marionette	WARN	TLS certificate errors will be ignored for this session
Unable to read VR Path Registry from C:\Users\pangqian\AppData\Local\openvr\openvrpaths.vrpath
Unable to read VR Path Registry from C:\Users\pangqian\AppData\Local\openvr\openvrpaths.vrpath
JavaScript warning: https://js2.t.sinajs.cn/t6/webim_prime/js/common/all.js?version=82a62c54a02e1f95, line 1: unreachable code after return statement
JavaScript warning: https://js2.t.sinajs.cn/t6/webim_prime/js/common/all.js?version=82a62c54a02e1f95, line 1: unreachable code after return statement
JavaScript warning: https://js.t.sinajs.cn/t6/webim_prime/js/webim.js?v=1523262293760, line 139: unreachable code after return statement
JavaScript warning: https://js.t.sinajs.cn/t6/webim_prime/js/webim.js?v=1523262293760, line 139: unreachable code after return statement
JavaScript warning: https://js.t.sinajs.cn/t6/webim_prime/js/webim.js?v=1523262293760, line 172: unreachable code after return statement
JavaScript warning: https://js.t.sinajs.cn/t6/webim_prime/js/webim.js?v=1523262293760, line 174: unreachable code after return statement
JavaScript warning: https://js.t.sinajs.cn/t6/webim_prime/js/webim.js?v=1523262293760, line 198: unreachable code after return statement
JavaScript warning: https://js.t.sinajs.cn/t6/webim_prime/js/webim.js?v=1523262293760, line 200: unreachable code after return statement
JavaScript warning: https://js.t.sinajs.cn/t6/webim_prime/js/webim.js?v=1523262293760, line 207: unreachable code after return statement
JavaScript warning: https://js.t.sinajs.cn/t6/webim_prime/js/webim.js?v=1523262293760, line 139: unreachable code after return statement
JavaScript warning: https://js.t.sinajs.cn/t6/webim_prime/js/webim.js?v=1523262293760, line 174: unreachable code after return statement
JavaScript warning: https://js2.t.sinajs.cn/t6/webim_prime/js/common/all.js?version=684a834642c68c38, line 1: unreachable code after return statement
JavaScript warning: https://js2.t.sinajs.cn/t6/webim_prime/js/common/all.js?version=684a834642c68c38, line 1: unreachable code after return statement
JavaScript warning: https://js.t.sinajs.cn/t6/webim_prime/js/webim.js?v=1523262305086, line 139: unreachable code after return statement
JavaScript warning: https://js.t.sinajs.cn/t6/webim_prime/js/webim.js?v=1523262305086, line 139: unreachable code after return statement
JavaScript warning: https://js.t.sinajs.cn/t6/webim_prime/js/webim.js?v=1523262305086, line 172: unreachable code after return statement
JavaScript warning: https://js.t.sinajs.cn/t6/webim_prime/js/webim.js?v=1523262305086, line 174: unreachable code after return statement
JavaScript warning: https://js.t.sinajs.cn/t6/webim_prime/js/webim.js?v=1523262305086, line 198: unreachable code after return statement
JavaScript warning: https://js.t.sinajs.cn/t6/webim_prime/js/webim.js?v=1523262305086, line 200: unreachable code after return statement
JavaScript warning: https://js.t.sinajs.cn/t6/webim_prime/js/webim.js?v=1523262305086, line 207: unreachable code after return statement
JavaScript warning: https://js.t.sinajs.cn/t6/webim_prime/js/webim.js?v=1523262305086, line 174: unreachable code after return statement
JavaScript warning: https://js.t.sinajs.cn/t6/webim_prime/js/webim.js?v=1523262305086, line 139: unreachable code after return statement
[Child 10284, Chrome_ChildThread] WARNING: pipe error: 109: file z:/build/build/src/ipc/chromium/src/chrome/common/ipc_channel_win.cc, line 346
[Child 10284, Chrome[Child 6184, Chrome_ChildThread] WARNING: pipe error: 109: file z:/build/build/src/ipc/chromium/src/chrome/common/ipc_channel_win.cc, line 346
[Child 6184, Chrome_ChildThread] WARNI[Parent 9668, Gecko_IOThread] WARNING: pipe error: 109: file z:/build/build/src/ipc/chromium/src/chrome/common/ipc_channel_win.cc, line 346

###!!! [Child][MessageChannel::SendAndWait] Error: Channel error: cannot send/recv

1523263635774	geckodriver	INFO	geckodriver 0.20.1
1523263635790	geckodriver	INFO	Listening on 127.0.0.1:54266
1523263638878	mozrunner::runner	INFO	Running command: "C:\\Program Files\\Mozilla Firefox\\firefox.exe" "-marionette" "-profile" "C:\\Users\\pangqian\\AppData\\Local\\Temp\\rust_mozprofile.g6D2U7ceSNEo"
Unable to read VR Path Registry from C:\Users\pangqian\AppData\Local\openvr\openvrpaths.vrpath
1523263641140	Marionette	INFO	Enabled via --marionette
Unable to read VR Path Registry from C:\Users\pangqian\AppData\Local\openvr\openvrpaths.vrpath
Unable to read VR Path Registry from C:\Users\pangqian\AppData\Local\openvr\openvrpaths.vrpath
Unable to read VR Path Registry from C:\Users\pangqian\AppData\Local\openvr\openvrpaths.vrpath
Unable to read VR Path Registry from C:\Users\pangqian\AppData\Local\openvr\openvrpaths.vrpath
1523263644958	Marionette	INFO	Listening on port 54274
1523263645960	Marionette	WARN	TLS certificate errors will be ignored for this session
JavaScript warning: https://js2.t.sinajs.cn/t6/webim_prime/js/common/all.js?version=82a62c54a02e1f95, line 1: unreachable code after return statement
JavaScript warning: https://js2.t.sinajs.cn/t6/webim_prime/js/common/all.js?version=82a62c54a02e1f95, line 1: unreachable code after return statement
JavaScript warning: https://js.t.sinajs.cn/t6/webim_prime/js/webim.js?v=1523263661606, line 139: unreachable code after return statement
JavaScript warning: https://js.t.sinajs.cn/t6/webim_prime/js/webim.js?v=1523263661606, line 139: unreachable code after return statement
JavaScript warning: https://js.t.sinajs.cn/t6/webim_prime/js/webim.js?v=1523263661606, line 172: unreachable code after return statement
JavaScript warning: https://js.t.sinajs.cn/t6/webim_prime/js/webim.js?v=1523263661606, line 174: unreachable code after return statement
JavaScript warning: https://js.t.sinajs.cn/t6/webim_prime/js/webim.js?v=1523263661606, line 198: unreachable code after return statement
JavaScript warning: https://js.t.sinajs.cn/t6/webim_prime/js/webim.js?v=1523263661606, line 200: unreachable code after return statement
JavaScript warning: https://js.t.sinajs.cn/t6/webim_prime/js/webim.js?v=1523263661606, line 207: unreachable code after return statement
JavaScript warning: https://js.t.sinajs.cn/t6/webim_prime/js/webim.js?v=1523263661606, line 139: unreachable code after return statement
JavaScript warning: https://js.t.sinajs.cn/t6/webim_prime/js/webim.js?v=1523263661606, line 174: unreachable code after return statement
JavaScript warning: https://js2.t.sinajs.cn/t6/webim_prime/js/common/all.js?version=684a834642c68c38, line 1: unreachable code after return statement
JavaScript warning: https://js2.t.sinajs.cn/t6/webim_prime/js/common/all.js?version=684a834642c68c38, line 1: unreachable code after return statement
JavaScript warning: https://js.t.sinajs.cn/t6/webim_prime/js/webim.js?v=1523263667034, line 139: unreachable code after return statement
JavaScript warning: https://js.t.sinajs.cn/t6/webim_prime/js/webim.js?v=1523263667034, line 139: unreachable code after return statement
JavaScript warning: https://js.t.sinajs.cn/t6/webim_prime/js/webim.js?v=1523263667034, line 172: unreachable code after return statement
JavaScript warning: https://js.t.sinajs.cn/t6/webim_prime/js/webim.js?v=1523263667034, line 174: unreachable code after return statement
JavaScript warning: https://js.t.sinajs.cn/t6/webim_prime/js/webim.js?v=1523263667034, line 198: unreachable code after return statement
JavaScript warning: https://js.t.sinajs.cn/t6/webim_prime/js/webim.js?v=1523263667034, line 200: unreachable code after return statement
JavaScript warning: https://js.t.sinajs.cn/t6/webim_prime/js/webim.js?v=1523263667034, line 207: unreachable code after return statement
JavaScript warning: https://js.t.sinajs.cn/t6/webim_prime/js/webim.js?v=1523263667034, line 139: unreachable code after return statement
JavaScript warning: https://js.t.sinajs.cn/t6/webim_prime/js/webim.js?v=1523263667034, line 174: unreachable code after return statement
[Parent 9660, Gecko_IOThread] WARNING: pipe error: 109: file z:/build/build/src/ipc/chromium/src/chrome/common/ipc_channel_win.cc, line 346
[Parent 9660, Gecko_IOThread] WARNING: pipe error: 109: file z:/build/build/src/ipc/chromium/src/chrome/common/ipc_channel_win.cc, line 346
[Child 8892, Chrome_ChildThread] WARNING: pipe error: 109: file z:/build/build/src/ipc/chromium/src/chrome/common/ipc_channel_win.cc, line 346

###!!! [Child][MessageChannel::SendAndWait] Error: Channel error: cannot send/recv

1523264638540	geckodriver	INFO	geckodriver 0.20.1
1523264638571	geckodriver	INFO	Listening on 127.0.0.1:55329
1523264641603	mozrunner::runner	INFO	Running command: "C:\\Program Files\\Mozilla Firefox\\firefox.exe" "-marionette" "-profile" "C:\\Users\\pangqian\\AppData\\Local\\Temp\\rust_mozprofile.rAzAX3WGt4jT"
Unable to read VR Path Registry from C:\Users\pangqian\AppData\Local\openvr\openvrpaths.vrpath
1523264643694	Marionette	INFO	Enabled via --marionette
Unable to read VR Path Registry from C:\Users\pangqian\AppData\Local\openvr\openvrpaths.vrpath
Unable to read VR Path Registry from C:\Users\pangqian\AppData\Local\openvr\openvrpaths.vrpath
Unable to read VR Path Registry from C:\Users\pangqian\AppData\Local\openvr\openvrpaths.vrpath
Unable to read VR Path Registry from C:\Users\pangqian\AppData\Local\openvr\openvrpaths.vrpath
1523264647634	Marionette	INFO	Listening on port 55337
1523264648308	Marionette	WARN	TLS certificate errors will be ignored for this session
JavaScript warning: https://js2.t.sinajs.cn/t6/webim_prime/js/common/all.js?version=82a62c54a02e1f95, line 1: unreachable code after return statement
JavaScript warning: https://js2.t.sinajs.cn/t6/webim_prime/js/common/all.js?version=82a62c54a02e1f95, line 1: unreachable code after return statement
JavaScript warning: https://js2.t.sinajs.cn/t6/webim_prime/js/common/all.js?version=684a834642c68c38, line 1: unreachable code after return statement
JavaScript warning: https://js2.t.sinajs.cn/t6/webim_prime/js/common/all.js?version=684a834642c68c38, line 1: unreachable code after return statement
JavaScript warning: https://js.t.sinajs.cn/t6/webim_prime/js/webim.js?v=1523264669042, line 139: unreachable code after return statement
JavaScript warning: https://js.t.sinajs.cn/t6/webim_prime/js/webim.js?v=1523264669042, line 139: unreachable code after return statement
JavaScript warning: https://js.t.sinajs.cn/t6/webim_prime/js/webim.js?v=1523264669042, line 172: unreachable code after return statement
JavaScript warning: https://js.t.sinajs.cn/t6/webim_prime/js/webim.js?v=1523264669042, line 174: unreachable code after return statement
JavaScript warning: https://js.t.sinajs.cn/t6/webim_prime/js/webim.js?v=1523264669042, line 198: unreachable code after return statement
JavaScript warning: https://js.t.sinajs.cn/t6/webim_prime/js/webim.js?v=1523264669042, line 200: unreachable code after return statement
JavaScript warning: https://js.t.sinajs.cn/t6/webim_prime/js/webim.js?v=1523264669042, line 207: unreachable code after return statement
JavaScript warning: https://js.t.sinajs.cn/t6/webim_prime/js/webim.js?v=1523264669042, line 139: unreachable code after return statement
JavaScript warning: https://js.t.sinajs.cn/t6/webim_prime/js/webim.js?v=1523264669042, line 174: unreachable code after return statement
JavaScript warning: https://js2.t.sinajs.cn/t6/webim_prime/js/common/all.js?version=684a834642c68c38, line 1: unreachable code after return statement
JavaScript warning: https://js2.t.sinajs.cn/t6/webim_prime/js/common/all.js?version=684a834642c68c38, line 1: unreachable code after return statement
JavaScript warning: https://js.t.sinajs.cn/t6/webim_prime/js/webim.js?v=1523272944292, line 139: unreachable code after return statement
JavaScript warning: https://js.t.sinajs.cn/t6/webim_prime/js/webim.js?v=1523272944292, line 139: unreachable code after return statement
JavaScript warning: https://js.t.sinajs.cn/t6/webim_prime/js/webim.js?v=1523272944292, line 172: unreachable code after return statement
JavaScript warning: https://js.t.sinajs.cn/t6/webim_prime/js/webim.js?v=1523272944292, line 174: unreachable code after return statement
JavaScript warning: https://js.t.sinajs.cn/t6/webim_prime/js/webim.js?v=1523272944292, line 198: unreachable code after return statement
JavaScript warning: https://js.t.sinajs.cn/t6/webim_prime/js/webim.js?v=1523272944292, line 200: unreachable code after return statement
JavaScript warning: https://js.t.sinajs.cn/t6/webim_prime/js/webim.js?v=1523272944292, line 207: unreachable code after return statement
JavaScript warning: https://js.t.sinajs.cn/t6/webim_prime/js/webim.js?v=1523272944292, line 174: unreachable code after return statement
JavaScript warning: https://js.t.sinajs.cn/t6/webim_prime/js/webim.js?v=1523272944292, line 139: unreachable code after return statement
JavaScript warning: https://js2.t.sinajs.cn/t6/webim_prime/js/common/all.js?version=684a834642c68c38, line 1: unreachable code after return statement
JavaScript warning: https://js2.t.sinajs.cn/t6/webim_prime/js/common/all.js?version=684a834642c68c38, line 1: unreachable code after return statement
JavaScript warning: https://js.t.sinajs.cn/t6/webim_prime/js/webim.js?v=1523272953726, line 139: unreachable code after return statement
JavaScript warning: https://js.t.sinajs.cn/t6/webim_prime/js/webim.js?v=1523272953726, line 139: unreachable code after return statement
JavaScript warning: https://js.t.sinajs.cn/t6/webim_prime/js/webim.js?v=1523272953726, line 172: unreachable code after return statement
JavaScript warning: https://js.t.sinajs.cn/t6/webim_prime/js/webim.js?v=1523272953726, line 174: unreachable code after return statement
JavaScript warning: https://js.t.sinajs.cn/t6/webim_prime/js/webim.js?v=1523272953726, line 198: unreachable code after return statement
JavaScript warning: https://js.t.sinajs.cn/t6/webim_prime/js/webim.js?v=1523272953726, line 200: unreachable code after return statement
JavaScript warning: https://js.t.sinajs.cn/t6/webim_prime/js/webim.js?v=1523272953726, line 207: unreachable code after return statement
JavaScript warning: https://js.t.sinajs.cn/t6/webim_prime/js/webim.js?v=1523272953726, line 174: unreachable code after return statement
JavaScript warning: https://js.t.sinajs.cn/t6/webim_prime/js/webim.js?v=1523272953726, line 139: unreachable code after return statement
JavaScript warning: https://js.t.sinajs.cn/t6/webim_prime/js/webim.js?v=1523272953726, line 172: unreachable code after return statement
JavaScript warning: https://js.t.sinajs.cn/t6/webim_prime/js/webim.js?v=1523272953726, line 198: unreachable code after return statement
JavaScript warning: https://js.t.sinajs.cn/t6/webim_prime/js/webim.js?v=1523272953726, line 200: unreachable code after return statement
JavaScript warning: https://js.t.sinajs.cn/t6/webim_prime/js/webim.js?v=1523272953726, line 207: unreachable code after return statement
JavaScript warning: https://js.t.sinajs.cn/t6/webim_prime/js/webim.js?v=1523272953726, line 139: unreachable code after return statement
JavaScript warning: https://js2.t.sinajs.cn/t6/webim_prime/js/common/all.js?version=684a834642c68c38, line 1: unreachable code after return statement
JavaScript warning: https://js2.t.sinajs.cn/t6/webim_prime/js/common/all.js?version=684a834642c68c38, line 1: unreachable code after return statement
JavaScript error: resource://devtools/shared/base-loader.js -> resource://devtools/server/actors/highlighters/auto-refresh.js, line 201: TypeError: this.win is null
JavaScript error: resource://devtools/shared/base-loader.js -> resource://devtools/server/actors/highlighters/auto-refresh.js, line 201: TypeError: this.win is null
JavaScript error: resource://devtools/shared/base-loader.js -> resource://devtools/server/actors/highlighters/auto-refresh.js, line 201: TypeError: this.win is null
JavaScript error: resource://devtools/shared/base-loader.js -> resource://devtools/server/actors/highlighters/auto-refresh.js, line 201: TypeError: this.win is null
JavaScript warning: https://js2.t.sinajs.cn/t6/webim_prime/js/common/all.js?version=684a834642c68c38, line 1: unreachable code after return statement
JavaScript warning: https://js2.t.sinajs.cn/t6/webim_prime/js/common/all.js?version=684a834642c68c38, line 1: unreachable code after return statement
JavaScript warning: https://js.t.sinajs.cn/t6/webim_prime/js/webim.js?v=1523273468990, line 139: unreachable code after return statement
JavaScript warning: https://js.t.sinajs.cn/t6/webim_prime/js/webim.js?v=1523273468990, line 139: unreachable code after return statement
JavaScript warning: https://js.t.sinajs.cn/t6/webim_prime/js/webim.js?v=1523273468990, line 172: unreachable code after return statement
JavaScript warning: https://js.t.sinajs.cn/t6/webim_prime/js/webim.js?v=1523273468990, line 174: unreachable code after return statement
JavaScript warning: https://js.t.sinajs.cn/t6/webim_prime/js/webim.js?v=1523273468990, line 198: unreachable code after return statement
JavaScript warning: https://js.t.sinajs.cn/t6/webim_prime/js/webim.js?v=1523273468990, line 200: unreachable code after return statement
JavaScript warning: https://js.t.sinajs.cn/t6/webim_prime/js/webim.js?v=1523273468990, line 207: unreachable code after return statement
JavaScript warning: https://js.t.sinajs.cn/t6/webim_prime/js/webim.js?v=1523273468990, line 139: unreachable code after return statement
JavaScript warning: https://js.t.sinajs.cn/t6/webim_prime/js/webim.js?v=1523273468990, line 174: unreachable code after return statement
JavaScript error: resource://devtools/shared/base-loader.js -> resource://devtools/server/actors/highlighters/auto-refresh.js, line 201: TypeError: this.win is null
JavaScript error: resource://devtools/shared/base-loader.js -> resource://devtools/server/actors/highlighters/auto-refresh.js, line 201: TypeError: this.win is null
JavaScript warning: https://js2.t.sinajs.cn/t6/webim_prime/js/common/all.js?version=684a834642c68c38, line 1: unreachable code after return statement
JavaScript warning: https://js2.t.sinajs.cn/t6/webim_prime/js/common/all.js?version=684a834642c68c38, line 1: unreachable code after return statement
JavaScript warning: https://js.t.sinajs.cn/t6/webim_prime/js/webim.js?v=1523273530296, line 139: unreachable code after return statement
JavaScript warning: https://js.t.sinajs.cn/t6/webim_prime/js/webim.js?v=1523273530296, line 139: unreachable code after return statement
JavaScript warning: https://js.t.sinajs.cn/t6/webim_prime/js/webim.js?v=1523273530296, line 172: unreachable code after return statement
JavaScript warning: https://js.t.sinajs.cn/t6/webim_prime/js/webim.js?v=1523273530296, line 174: unreachable code after return statement
JavaScript warning: https://js.t.sinajs.cn/t6/webim_prime/js/webim.js?v=1523273530296, line 198: unreachable code after return statement
JavaScript warning: https://js.t.sinajs.cn/t6/webim_prime/js/webim.js?v=1523273530296, line 200: unreachable code after return statement
JavaScript warning: https://js.t.sinajs.cn/t6/webim_prime/js/webim.js?v=1523273530296, line 207: unreachable code after return statement
JavaScript warning: https://js.t.sinajs.cn/t6/webim_prime/js/webim.js?v=1523273530296, line 139: unreachable code after return statement
JavaScript warning: https://js.t.sinajs.cn/t6/webim_prime/js/webim.js?v=1523273530296, line 174: unreachable code after return statement
JavaScript warning: https://js.t.sinajs.cn/t6/webim_prime/js/webim.js?v=1523273530296, line 172: unreachable code after return statement
JavaScript warning: https://js.t.sinajs.cn/t6/webim_prime/js/webim.js?v=1523273530296, line 198: unreachable code after return statement
JavaScript warning: https://js.t.sinajs.cn/t6/webim_prime/js/webim.js?v=1523273530296, line 200: unreachable code after return statement
JavaScript warning: https://js.t.sinajs.cn/t6/webim_prime/js/webim.js?v=1523273530296, line 207: unreachable code after return statement
JavaScript warning: https://js.t.sinajs.cn/t6/webim_prime/js/webim.js?v=1523273530296, line 139: unreachable code after return statement
JavaScript warning: https://js2.t.sinajs.cn/t6/webim_prime/js/common/all.js?version=684a834642c68c38, line 1: unreachable code after return statement
JavaScript warning: https://js2.t.sinajs.cn/t6/webim_prime/js/common/all.js?version=684a834642c68c38, line 1: unreachable code after return statement
[Parent 10552, Gecko_IOThread] WARNING: pipe error: 109: file z:/build/build/src/ipc/chromium/src/chrome/common/ipc_channel_win.cc, line 346
[Parent 10552, Gecko_IOThread] WARNING: pipe error: 109: file z:/build/build/src/ipc/chromium/src/chrome/common/ipc_channel_win.cc, line 346
[Child 5400, Chrome_ChildThread] WARNING: pipe error: 109: file z:/build/build/src/ipc/chromium/src/chrome/common/ipc_channel_win.cc, line 346
[Child 5400, Chr[Parent 10552, Gecko_IOThread] WARNING: pipe error: 109: file z:/build/build/src/ipc/chromium/src/chrome/common/ipc_channel_win.cc, line 346
[Child 9008, Chrome_ChildThread] WARNING: pipe error: 109: file z:/build/build/src/ipc/chromium/src/chrome/common/ipc_channel_win.cc, line 346
vr\openvrpaths.vrpath
Unable to read VR Path Registry from C:\Users\pangqian\AppData\Local\openvr\openvrpaths.vrpath
1523273630748	Marionette	INFO	Listening on port 50411
1523273631884	Marionette	WARN	TLS certificate errors will be ignored for this session
JavaScript warning: https://js2.t.sinajs.cn/t6/webim_prime/js/common/all.js?version=82a62c54a02e1f95, line 1: unreachable code after return statement
JavaScript warning: https://js2.t.sinajs.cn/t6/webim_prime/js/common/all.js?version=82a62c54a02e1f95, line 1: unreachable code after return statement
JavaScript warning: https://js2.t.sinajs.cn/t6/webim_prime/js/common/all.js?version=684a834642c68c38, line 1: unreachable code after return statement
JavaScript warning: https://js2.t.sinajs.cn/t6/webim_prime/js/common/all.js?version=684a834642c68c38, line 1: unreachable code after return statement
JavaScript warning: https://js.t.sinajs.cn/t6/webim_prime/js/webim.js?v=1523273653122, line 139: unreachable code after return statement
JavaScript warning: https://js.t.sinajs.cn/t6/webim_prime/js/webim.js?v=1523273653122, line 139: unreachable code after return statement
JavaScript warning: https://js.t.sinajs.cn/t6/webim_prime/js/webim.js?v=1523273653122, line 172: unreachable code after return statement
JavaScript warning: https://js.t.sinajs.cn/t6/webim_prime/js/webim.js?v=1523273653122, line 174: unreachable code after return statement
JavaScript warning: https://js.t.sinajs.cn/t6/webim_prime/js/webim.js?v=1523273653122, line 198: unreachable code after return statement
JavaScript warning: https://js.t.sinajs.cn/t6/webim_prime/js/webim.js?v=1523273653122, line 200: unreachable code after return statement
JavaScript warning: https://js.t.sinajs.cn/t6/webim_prime/js/webim.js?v=1523273653122, line 207: unreachable code after return statement
JavaScript warning: https://js.t.sinajs.cn/t6/webim_prime/js/webim.js?v=1523273653122, line 174: unreachable code after return statement
JavaScript warning: https://js.t.sinajs.cn/t6/webim_prime/js/webim.js?v=1523273653122, line 139: unreachable code after return statement
[Parent 3320, Gecko_IOThread] WARNING: pipe error: 109: file z:/build/build/src/ipc/chromium/src/chrome/common/ipc_channel_win.cc, line 346
[Parent 3320, Gecko_IOThread] WARNING: pipe error: 109: file z:/build/build/src/ipc/chromium/src/chrome/common/ipc_channel_win.cc, line 346
[Child 4844, Chrome_ChildThread] WARNING: pipe error: 109: file z:/build/build/src/ipc/chromium/src/chrome/common/ipc_channel_win.cc, line 346
[Child 4844, Chrome
###!!! [Child][MessageChannel::SendAndWait] Error: Channel error: cannot send/recv

1523273848333	geckodriver	INFO	geckodriver 0.20.1
1523273848349	geckodriver	INFO	Listening on 127.0.0.1:51051
1523273851489	mozrunner::runner	INFO	Running command: "C:\\Program Files\\Mozilla Firefox\\firefox.exe" "-marionette" "-profile" "C:\\Users\\pangqian\\AppData\\Local\\Temp\\rust_mozprofile.ytyaTFYHalAV"
Unable to read VR Path Registry from C:\Users\pangqian\AppData\Local\openvr\openvrpaths.vrpath
1523273854402	Marionette	INFO	Enabled via --marionette
Unable to read VR Path Registry from C:\Users\pangqian\AppData\Local\openvr\openvrpaths.vrpath
Unable to read VR Path Registry from C:\Users\pangqian\AppData\Local\openvr\openvrpaths.vrpath
Unable to read VR Path Registry from C:\Users\pangqian\AppData\Local\openvr\openvrpaths.vrpath
Unable to read VR Path Registry from C:\Users\pangqian\AppData\Local\openvr\openvrpaths.vrpath
1523273858396	Marionette	INFO	Listening on port 51059
1523273859028	Marionette	WARN	TLS certificate errors will be ignored for this session
JavaScript warning: https://js2.t.sinajs.cn/t6/webim_prime/js/common/all.js?version=82a62c54a02e1f95, line 1: unreachable code after return statement
JavaScript warning: https://js2.t.sinajs.cn/t6/webim_prime/js/common/all.js?version=82a62c54a02e1f95, line 1: unreachable code after return statement
JavaScript warning: https://js.t.sinajs.cn/t6/webim_prime/js/webim.js?v=1523273877016, line 139: unreachable code after return statement
JavaScript warning: https://js.t.sinajs.cn/t6/webim_prime/js/webim.js?v=1523273877016, line 139: unreachable code after return statement
JavaScript warning: https://js.t.sinajs.cn/t6/webim_prime/js/webim.js?v=1523273877016, line 172: unreachable code after return statement
JavaScript warning: https://js.t.sinajs.cn/t6/webim_prime/js/webim.js?v=1523273877016, line 174: unreachable code after return statement
JavaScript warning: https://js.t.sinajs.cn/t6/webim_prime/js/webim.js?v=1523273877016, line 198: unreachable code after return statement
JavaScript warning: https://js.t.sinajs.cn/t6/webim_prime/js/webim.js?v=1523273877016, line 200: unreachable code after return statement
JavaScript warning: https://js.t.sinajs.cn/t6/webim_prime/js/webim.js?v=1523273877016, line 207: unreachable code after return statement
JavaScript warning: https://js.t.sinajs.cn/t6/webim_prime/js/webim.js?v=1523273877016, line 139: unreachable code after return statement
JavaScript warning: https://js.t.sinajs.cn/t6/webim_prime/js/webim.js?v=1523273877016, line 174: unreachable code after return statement
JavaScript warning: https://js2.t.sinajs.cn/t6/webim_prime/js/common/all.js?version=684a834642c68c38, line 1: unreachable code after return statement
JavaScript warning: https://js2.t.sinajs.cn/t6/webim_prime/js/common/all.js?version=684a834642c68c38, line 1: unreachable code after return statement
JavaScript warning: https://js.t.sinajs.cn/t6/webim_prime/js/webim.js?v=1523273886408, line 139: unreachable code after return statement
JavaScript warning: https://js.t.sinajs.cn/t6/webim_prime/js/webim.js?v=1523273886408, line 139: unreachable code after return statement
JavaScript warning: https://js.t.sinajs.cn/t6/webim_prime/js/webim.js?v=1523273886408, line 172: unreachable code after return statement
JavaScript warning: https://js.t.sinajs.cn/t6/webim_prime/js/webim.js?v=1523273886408, line 174: unreachable code after return statement
JavaScript warning: https://js.t.sinajs.cn/t6/webim_prime/js/webim.js?v=1523273886408, line 198: unreachable code after return statement
JavaScript warning: https://js.t.sinajs.cn/t6/webim_prime/js/webim.js?v=1523273886408, line 200: unreachable code after return statement
JavaScript warning: https://js.t.sinajs.cn/t6/webim_prime/js/webim.js?v=1523273886408, line 207: unreachable code after return statement
JavaScript warning: https://js.t.sinajs.cn/t6/webim_prime/js/webim.js?v=1523273886408, line 174: unreachable code after return statement
JavaScript warning: https://js.t.sinajs.cn/t6/webim_prime/js/webim.js?v=1523273886408, line 139: unreachable code after return statement
JavaScript warning: https://js2.t.sinajs.cn/t6/webim_prime/js/common/all.js?version=684a834642c68c38, line 1: unreachable code after return statement
JavaScript warning: https://js2.t.sinajs.cn/t6/webim_prime/js/common/all.js?version=684a834642c68c38, line 1: unreachable code after return statement
JavaScript warning: https://js.t.sinajs.cn/t6/webim_prime/js/webim.js?v=1523273913578, line 139: unreachable code after return statement
JavaScript warning: https://js.t.sinajs.cn/t6/webim_prime/js/webim.js?v=1523273913578, line 139: unreachable code after return statement
JavaScript warning: https://js.t.sinajs.cn/t6/webim_prime/js/webim.js?v=1523273913578, line 172: unreachable code after return statement
JavaScript warning: https://js.t.sinajs.cn/t6/webim_prime/js/webim.js?v=1523273913578, line 174: unreachable code after return statement
JavaScript warning: https://js.t.sinajs.cn/t6/webim_prime/js/webim.js?v=1523273913578, line 198: unreachable code after return statement
JavaScript warning: https://js.t.sinajs.cn/t6/webim_prime/js/webim.js?v=1523273913578, line 200: unreachable code after return statement
JavaScript warning: https://js.t.sinajs.cn/t6/webim_prime/js/webim.js?v=1523273913578, line 207: unreachable code after return statement
JavaScript warning: https://js.t.sinajs.cn/t6/webim_prime/js/webim.js?v=1523273913578, line 139: unreachable code after return statement
JavaScript warning: https://js.t.sinajs.cn/t6/webim_prime/js/webim.js?v=1523273913578, line 174: unreachable code after return statement
JavaScript warning: https://js2.t.sinajs.cn/t6/webim_prime/js/common/all.js?version=684a834642c68c38, line 1: unreachable code after return statement
JavaScript warning: https://js2.t.sinajs.cn/t6/webim_prime/js/common/all.js?version=684a834642c68c38, line 1: unreachable code after return statement
JavaScript warning: https://js.t.sinajs.cn/t6/webim_prime/js/webim.js?v=1523273943558, line 139: unreachable code after return statement
JavaScript warning: https://js.t.sinajs.cn/t6/webim_prime/js/webim.js?v=1523273943558, line 139: unreachable code after return statement
JavaScript warning: https://js.t.sinajs.cn/t6/webim_prime/js/webim.js?v=1523273943558, line 172: unreachable code after return statement
JavaScript warning: https://js.t.sinajs.cn/t6/webim_prime/js/webim.js?v=1523273943558, line 174: unreachable code after return statement
JavaScript warning: https://js.t.sinajs.cn/t6/webim_prime/js/webim.js?v=1523273943558, line 198: unreachable code after return statement
JavaScript warning: https://js.t.sinajs.cn/t6/webim_prime/js/webim.js?v=1523273943558, line 200: unreachable code after return statement
JavaScript warning: https://js.t.sinajs.cn/t6/webim_prime/js/webim.js?v=1523273943558, line 207: unreachable code after return statement
JavaScript warning: https://js.t.sinajs.cn/t6/webim_prime/js/webim.js?v=1523273943558, line 174: unreachable code after return statement
JavaScript warning: https://js.t.sinajs.cn/t6/webim_prime/js/webim.js?v=1523273943558, line 139: unreachable code after return statement
JavaScript warning: https://js2.t.sinajs.cn/t6/webim_prime/js/common/all.js?version=684a834642c68c38, line 1: unreachable code after return statement
JavaScript warning: https://js2.t.sinajs.cn/t6/webim_prime/js/common/all.js?version=684a834642c68c38, line 1: unreachable code after return statement
JavaScript warning: https://js2.t.sinajs.cn/t6/webim_prime/js/common/all.js?version=684a834642c68c38, line 1: unreachable code after return statement
JavaScript warning: https://js2.t.sinajs.cn/t6/webim_prime/js/common/all.js?version=684a834642c68c38, line 1: unreachable code after return statement
JavaScript warning: https://js.t.sinajs.cn/t6/webim_prime/js/webim.js?v=1523273954808, line 139: unreachable code after return statement
JavaScript warning: https://js.t.sinajs.cn/t6/webim_prime/js/webim.js?v=1523273954808, line 139: unreachable code after return statement
JavaScript warning: https://js.t.sinajs.cn/t6/webim_prime/js/webim.js?v=1523273954808, line 172: unreachable code after return statement
JavaScript warning: https://js.t.sinajs.cn/t6/webim_prime/js/webim.js?v=1523273954808, line 174: unreachable code after return statement
JavaScript warning: https://js.t.sinajs.cn/t6/webim_prime/js/webim.js?v=1523273954808, line 198: unreachable code after return statement
JavaScript warning: https://js.t.sinajs.cn/t6/webim_prime/js/webim.js?v=1523273954808, line 200: unreachable code after return statement
JavaScript warning: https://js.t.sinajs.cn/t6/webim_prime/js/webim.js?v=1523273954808, line 207: unreachable code after return statement
JavaScript warning: https://js.t.sinajs.cn/t6/webim_prime/js/webim.js?v=1523273954808, line 174: unreachable code after return statement
JavaScript warning: https://js.t.sinajs.cn/t6/webim_prime/js/webim.js?v=1523273954808, line 139: unreachable code after return statement
JavaScript warning: https://js2.t.sinajs.cn/t6/webim_prime/js/common/all.js?version=684a834642c68c38, line 1: unreachable code after return statement
JavaScript warning: https://js2.t.sinajs.cn/t6/webim_prime/js/common/all.js?version=684a834642c68c38, line 1: unreachable code after return statement
JavaScript warning: https://js.t.sinajs.cn/t6/webim_prime/js/webim.js?v=1523273965374, line 139: unreachable code after return statement
JavaScript warning: https://js.t.sinajs.cn/t6/webim_prime/js/webim.js?v=1523273965374, line 139: unreachable code after return statement
JavaScript warning: https://js.t.sinajs.cn/t6/webim_prime/js/webim.js?v=1523273965374, line 172: unreachable code after return statement
JavaScript warning: https://js.t.sinajs.cn/t6/webim_prime/js/webim.js?v=1523273965374, line 174: unreachable code after return statement
JavaScript warning: https://js.t.sinajs.cn/t6/webim_prime/js/webim.js?v=1523273965374, line 198: unreachable code after return statement
JavaScript warning: https://js.t.sinajs.cn/t6/webim_prime/js/webim.js?v=1523273965374, line 200: unreachable code after return statement
JavaScript warning: https://js.t.sinajs.cn/t6/webim_prime/js/webim.js?v=1523273965374, line 207: unreachable code after return statement
JavaScript warning: https://js.t.sinajs.cn/t6/webim_prime/js/webim.js?v=1523273965374, line 174: unreachable code after return statement
JavaScript warning: https://js.t.sinajs.cn/t6/webim_prime/js/webim.js?v=1523273965374, line 139: unreachable code after return statement
JavaScript warning: https://js.t.sinajs.cn/t6/webim_prime/js/webim.js?v=1523273969668, line 139: unreachable code after return statement
JavaScript warning: https://js.t.sinajs.cn/t6/webim_prime/js/webim.js?v=1523273969668, line 139: unreachable code after return statement
JavaScript warning: https://js.t.sinajs.cn/t6/webim_prime/js/webim.js?v=1523273969668, line 172: unreachable code after return statement
JavaScript warning: https://js.t.sinajs.cn/t6/webim_prime/js/webim.js?v=1523273969668, line 174: unreachable code after return statement
JavaScript warning: https://js.t.sinajs.cn/t6/webim_prime/js/webim.js?v=1523273969668, line 198: unreachable code after return statement
JavaScript warning: https://js.t.sinajs.cn/t6/webim_prime/js/webim.js?v=1523273969668, line 200: unreachable code after return statement
JavaScript warning: https://js.t.sinajs.cn/t6/webim_prime/js/webim.js?v=1523273969668, line 207: unreachable code after return statement
JavaScript warning: https://js.t.sinajs.cn/t6/webim_prime/js/webim.js?v=1523273969668, line 139: unreachable code after return statement
JavaScript warning: https://js.t.sinajs.cn/t6/webim_prime/js/webim.js?v=1523273969668, line 174: unreachable code after return statement
1523274565839	geckodriver	INFO	geckodriver 0.20.1
1523274565855	geckodriver	INFO	Listening on 127.0.0.1:55979
1523274569018	mozrunner::runner	INFO	Running command: "C:\\Program Files\\Mozilla Firefox\\firefox.exe" "-marionette" "-profile" "C:\\Users\\pangqian\\AppData\\Local\\Temp\\rust_mozprofile.aaNhXdlvkKVc"
Unable to read VR Path Registry from C:\Users\pangqian\AppData\Local\openvr\openvrpaths.vrpath
1523274572342	Marionette	INFO	Enabled via --marionette
Unable to read VR Path Registry from C:\Users\pangqian\AppData\Local\openvr\openvrpaths.vrpath
Unable to read VR Path Registry from C:\Users\pangqian\AppData\Local\openvr\openvrpaths.vrpath
Unable to read VR Path Registry from C:\Users\pangqian\AppData\Local\openvr\openvrpaths.vrpath
Unable to read VR Path Registry from C:\Users\pangqian\AppData\Local\openvr\openvrpaths.vrpath
1523274576626	Marionette	INFO	Listening on port 55987
1523274577306	Marionette	WARN	TLS certificate errors will be ignored for this session
JavaScript warning: https://js2.t.sinajs.cn/t6/webim_prime/js/common/all.js?version=684a834642c68c38, line 1: unreachable code after return statement
JavaScript warning: https://js2.t.sinajs.cn/t6/webim_prime/js/common/all.js?version=684a834642c68c38, line 1: unreachable code after return statement
JavaScript warning: https://js.t.sinajs.cn/t6/webim_prime/js/webim.js?v=1523274597490, line 139: unreachable code after return statement
JavaScript warning: https://js.t.sinajs.cn/t6/webim_prime/js/webim.js?v=1523274597490, line 139: unreachable code after return statement
JavaScript warning: https://js.t.sinajs.cn/t6/webim_prime/js/webim.js?v=1523274597490, line 172: unreachable code after return statement
JavaScript warning: https://js.t.sinajs.cn/t6/webim_prime/js/webim.js?v=1523274597490, line 174: unreachable code after return statement
JavaScript warning: https://js.t.sinajs.cn/t6/webim_prime/js/webim.js?v=1523274597490, line 198: unreachable code after return statement
JavaScript warning: https://js.t.sinajs.cn/t6/webim_prime/js/webim.js?v=1523274597490, line 200: unreachable code after return statement
JavaScript warning: https://js.t.sinajs.cn/t6/webim_prime/js/webim.js?v=1523274597490, line 207: unreachable code after return statement
JavaScript warning: https://js.t.sinajs.cn/t6/webim_prime/js/webim.js?v=1523274597490, line 139: unreachable code after return statement
JavaScript warning: https://js.t.sinajs.cn/t6/webim_prime/js/webim.js?v=1523274597490, line 174: unreachable code after return statement
JavaScript warning: https://js2.t.sinajs.cn/t6/webim_prime/js/common/all.js?version=684a834642c68c38, line 1: unreachable code after return statement
JavaScript warning: https://js2.t.sinajs.cn/t6/webim_prime/js/common/all.js?version=684a834642c68c38, line 1: unreachable code after return statement
JavaScript warning: https://js.t.sinajs.cn/t6/webim_prime/js/webim.js?v=1523274619098, line 139: unreachable code after return statement
JavaScript warning: https://js.t.sinajs.cn/t6/webim_prime/js/webim.js?v=1523274619098, line 139: unreachable code after return statement
JavaScript warning: https://js.t.sinajs.cn/t6/webim_prime/js/webim.js?v=1523274619098, line 172: unreachable code after return statement
JavaScript warning: https://js.t.sinajs.cn/t6/webim_prime/js/webim.js?v=1523274619098, line 174: unreachable code after return statement
JavaScript warning: https://js.t.sinajs.cn/t6/webim_prime/js/webim.js?v=1523274619098, line 198: unreachable code after return statement
JavaScript warning: https://js.t.sinajs.cn/t6/webim_prime/js/webim.js?v=1523274619098, line 200: unreachable code after return statement
JavaScript warning: https://js.t.sinajs.cn/t6/webim_prime/js/webim.js?v=1523274619098, line 207: unreachable code after return statement
JavaScript warning: https://js.t.sinajs.cn/t6/webim_prime/js/webim.js?v=1523274619098, line 139: unreachable code after return statement
JavaScript warning: https://js.t.sinajs.cn/t6/webim_prime/js/webim.js?v=1523274619098, line 174: unreachable code after return statement
JavaScript warning: https://js2.t.sinajs.cn/t6/webim_prime/js/common/all.js?version=684a834642c68c38, line 1: unreachable code after return statement
JavaScript warning: https://js2.t.sinajs.cn/t6/webim_prime/js/common/all.js?version=684a834642c68c38, line 1: unreachable code after return statement
JavaScript warning: https://js.t.sinajs.cn/t6/webim_prime/js/webim.js?v=1523274638718, line 139: unreachable code after return statement
JavaScript warning: https://js.t.sinajs.cn/t6/webim_prime/js/webim.js?v=1523274638718, line 139: unreachable code after return statement
JavaScript warning: https://js.t.sinajs.cn/t6/webim_prime/js/webim.js?v=1523274638718, line 172: unreachable code after return statement
JavaScript warning: https://js.t.sinajs.cn/t6/webim_prime/js/webim.js?v=1523274638718, line 174: unreachable code after return statement
JavaScript warning: https://js.t.sinajs.cn/t6/webim_prime/js/webim.js?v=1523274638718, line 198: unreachable code after return statement
JavaScript warning: https://js.t.sinajs.cn/t6/webim_prime/js/webim.js?v=1523274638718, line 200: unreachable code after return statement
JavaScript warning: https://js.t.sinajs.cn/t6/webim_prime/js/webim.js?v=1523274638718, line 207: unreachable code after return statement
JavaScript warning: https://js.t.sinajs.cn/t6/webim_prime/js/webim.js?v=1523274638718, line 139: unreachable code after return statement
JavaScript warning: https://js.t.sinajs.cn/t6/webim_prime/js/webim.js?v=1523274638718, line 174: unreachable code after return statement
JavaScript warning: https://js2.t.sinajs.cn/t6/webim_prime/js/common/all.js?version=684a834642c68c38, line 1: unreachable code after return statement
JavaScript warning: https://js2.t.sinajs.cn/t6/webim_prime/js/common/all.js?version=684a834642c68c38, line 1: unreachable code after return statement
JavaScript warning: https://js.t.sinajs.cn/t6/webim_prime/js/webim.js?v=1523274644232, line 139: unreachable code after return statement
JavaScript warning: https://js.t.sinajs.cn/t6/webim_prime/js/webim.js?v=1523274644232, line 139: unreachable code after return statement
JavaScript warning: https://js.t.sinajs.cn/t6/webim_prime/js/webim.js?v=1523274644232, line 172: unreachable code after return statement
JavaScript warning: https://js.t.sinajs.cn/t6/webim_prime/js/webim.js?v=1523274644232, line 174: unreachable code after return statement
JavaScript warning: https://js.t.sinajs.cn/t6/webim_prime/js/webim.js?v=1523274644232, line 198: unreachable code after return statement
JavaScript warning: https://js.t.sinajs.cn/t6/webim_prime/js/webim.js?v=1523274644232, line 200: unreachable code after return statement
JavaScript warning: https://js.t.sinajs.cn/t6/webim_prime/js/webim.js?v=1523274644232, line 207: unreachable code after return statement
JavaScript warning: https://js.t.sinajs.cn/t6/webim_prime/js/webim.js?v=1523274644232, line 174: unreachable code after return statement
JavaScript warning: https://js.t.sinajs.cn/t6/webim_prime/js/webim.js?v=1523274644232, line 139: unreachable code after return statement
